0 info it worked if it ends with ok
1 verbose cli [ 'node', '/usr/local/bin/npm', 'install', 'bootstrap' ]
2 info using npm@2.10.1
3 info using node@v0.12.4
4 verbose node symlink /usr/local/bin/node
5 verbose config Skipping project config: /Users/swagboi69/.npmrc. (matches userconfig)
6 verbose install initial load of /Users/swagboi69/package.json
7 verbose installManyTop reading scoped package data from /Users/swagboi69/node_modules/bower/package.json
8 info package.json bower@1.4.1 No license field.
9 verbose readDependencies loading dependencies from /Users/swagboi69/package.json
10 silly cache add args [ 'bootstrap', null ]
11 verbose cache add spec bootstrap
12 silly cache add parsed spec { raw: 'bootstrap',
12 silly cache add   scope: null,
12 silly cache add   name: 'bootstrap',
12 silly cache add   rawSpec: '',
12 silly cache add   spec: '*',
12 silly cache add   type: 'range' }
13 silly addNamed bootstrap@*
14 verbose addNamed "*" is a valid semver range for bootstrap
15 silly addNameRange { name: 'bootstrap', range: '*', hasData: false }
16 silly mapToRegistry name bootstrap
17 silly mapToRegistry using default registry
18 silly mapToRegistry registry https://registry.npmjs.org/
19 silly mapToRegistry uri https://registry.npmjs.org/bootstrap
20 verbose addNameRange registry:https://registry.npmjs.org/bootstrap not in flight; fetching
21 verbose request uri https://registry.npmjs.org/bootstrap
22 verbose request no auth needed
23 info attempt registry request try #1 at 13:14:46
24 verbose request id 39184e5d7c4d3368
25 http request GET https://registry.npmjs.org/bootstrap
26 http 200 https://registry.npmjs.org/bootstrap
27 silly get cb [ 200,
27 silly get   { server: 'CouchDB/1.5.0 (Erlang OTP/R16B03)',
27 silly get     etag: '"BXMM28Z59QDKT3FIFR1UX5X6U"',
27 silly get     'content-type': 'application/json',
27 silly get     'cache-control': 'max-age=60',
27 silly get     'content-length': '25737',
27 silly get     'accept-ranges': 'bytes',
27 silly get     date: 'Wed, 01 Jul 2015 18:14:46 GMT',
27 silly get     via: '1.1 varnish',
27 silly get     age: '1',
27 silly get     connection: 'keep-alive',
27 silly get     'x-served-by': 'cache-dfw1831-DFW',
27 silly get     'x-cache': 'HIT',
27 silly get     'x-cache-hits': '1',
27 silly get     'x-timer': 'S1435774486.576681,VS0,VE0',
27 silly get     vary: 'Accept' } ]
28 verbose get saving bootstrap to /Users/swagboi69/.npm/registry.npmjs.org/bootstrap/.cache.json
29 silly addNameRange number 2 { name: 'bootstrap', range: '*', hasData: true }
30 silly addNameRange versions [ 'bootstrap',
30 silly addNameRange   [ '0.0.1',
30 silly addNameRange     '0.0.2',
30 silly addNameRange     '3.1.1',
30 silly addNameRange     '3.2.0',
30 silly addNameRange     '3.3.0',
30 silly addNameRange     '3.3.1',
30 silly addNameRange     '3.3.2',
30 silly addNameRange     '3.3.4',
30 silly addNameRange     '3.3.5' ] ]
31 silly addNamed bootstrap@3.3.5
32 verbose addNamed "3.3.5" is a plain semver version for bootstrap
33 silly mapToRegistry name bootstrap
34 silly mapToRegistry using default registry
35 silly mapToRegistry registry https://registry.npmjs.org/
36 silly mapToRegistry uri https://registry.npmjs.org/bootstrap
37 verbose addRemoteTarball https://registry.npmjs.org/bootstrap/-/bootstrap-3.3.5.tgz not in flight; adding
38 verbose addRemoteTarball [ 'https://registry.npmjs.org/bootstrap/-/bootstrap-3.3.5.tgz',
38 verbose addRemoteTarball   '1777ab79299b128d87dce7cbd86fdc46ac69c0b1' ]
39 info retry fetch attempt 1 at 13:14:46
40 info attempt registry request try #1 at 13:14:46
41 http fetch GET https://registry.npmjs.org/bootstrap/-/bootstrap-3.3.5.tgz
42 http fetch 200 https://registry.npmjs.org/bootstrap/-/bootstrap-3.3.5.tgz
43 silly fetchAndShaCheck shasum 1777ab79299b128d87dce7cbd86fdc46ac69c0b1
44 verbose addTmpTarball /var/folders/kb/d529xhfj4p7_jw7g_lqst09r0000gq/T/npm-3444-53ff5671/registry.npmjs.org/bootstrap/-/bootstrap-3.3.5.tgz not in flight; adding
45 verbose addTmpTarball already have metadata; skipping unpack for bootstrap@3.3.5
46 silly cache afterAdd bootstrap@3.3.5
47 verbose afterAdd /Users/swagboi69/.npm/bootstrap/3.3.5/package/package.json not in flight; writing
48 verbose afterAdd /Users/swagboi69/.npm/bootstrap/3.3.5/package/package.json written
49 silly install resolved [ { name: 'bootstrap',
49 silly install resolved     description: 'The most popular front-end framework for developing responsive, mobile first projects on the web.',
49 silly install resolved     version: '3.3.5',
49 silly install resolved     keywords:
49 silly install resolved      [ 'css',
49 silly install resolved        'less',
49 silly install resolved        'mobile-first',
49 silly install resolved        'responsive',
49 silly install resolved        'front-end',
49 silly install resolved        'framework',
49 silly install resolved        'web' ],
49 silly install resolved     homepage: 'http://getbootstrap.com',
49 silly install resolved     author: { name: 'Twitter, Inc.' },
49 silly install resolved     scripts: { test: 'grunt test' },
49 silly install resolved     style: 'dist/css/bootstrap.css',
49 silly install resolved     less: 'less/bootstrap.less',
49 silly install resolved     main: './dist/js/npm',
49 silly install resolved     repository: { type: 'git', url: 'https://github.com/twbs/bootstrap.git' },
49 silly install resolved     bugs: { url: 'https://github.com/twbs/bootstrap/issues' },
49 silly install resolved     license: 'MIT',
49 silly install resolved     devDependencies:
49 silly install resolved      { btoa: '~1.1.2',
49 silly install resolved        glob: '~5.0.5',
49 silly install resolved        grunt: '~0.4.5',
49 silly install resolved        'grunt-autoprefixer': '~3.0.0',
49 silly install resolved        'grunt-contrib-clean': '~0.6.0',
49 silly install resolved        'grunt-contrib-compress': '~0.13.0',
49 silly install resolved        'grunt-contrib-concat': '~0.5.1',
49 silly install resolved        'grunt-contrib-connect': '~0.10.1',
49 silly install resolved        'grunt-contrib-copy': '~0.8.0',
49 silly install resolved        'grunt-contrib-csslint': '~0.4.0',
49 silly install resolved        'grunt-contrib-cssmin': '~0.12.3',
49 silly install resolved        'grunt-contrib-htmlmin': '~0.4.0',
49 silly install resolved        'grunt-contrib-jade': '~0.14.1',
49 silly install resolved        'grunt-contrib-jshint': '~0.11.2',
49 silly install resolved        'grunt-contrib-less': '~1.0.1',
49 silly install resolved        'grunt-contrib-qunit': '~0.7.0',
49 silly install resolved        'grunt-contrib-uglify': '~0.9.1',
49 silly install resolved        'grunt-contrib-watch': '~0.6.1',
49 silly install resolved        'grunt-csscomb': '~3.0.0',
49 silly install resolved        'grunt-exec': '~0.4.6',
49 silly install resolved        'grunt-html': '~4.0.3',
49 silly install resolved        'grunt-jekyll': '~0.4.2',
49 silly install resolved        'grunt-jscs': '~1.8.0',
49 silly install resolved        'grunt-saucelabs': '~8.6.1',
49 silly install resolved        'grunt-sed': 'twbs/grunt-sed#v0.2.0',
49 silly install resolved        'load-grunt-tasks': '~3.2.0',
49 silly install resolved        'markdown-it': '^4.2.1',
49 silly install resolved        'npm-shrinkwrap': '^200.4.0',
49 silly install resolved        'time-grunt': '^1.2.0' },
49 silly install resolved     engines: { node: '>=0.10.1' },
49 silly install resolved     files:
49 silly install resolved      [ 'dist',
49 silly install resolved        'fonts',
49 silly install resolved        'grunt',
49 silly install resolved        'js/*.js',
49 silly install resolved        'less/**/*.less',
49 silly install resolved        'Gruntfile.js',
49 silly install resolved        'LICENSE' ],
49 silly install resolved     jspm: { main: 'js/bootstrap', shim: [Object], files: [Object] },
49 silly install resolved     gitHead: '16b48259a62f576e52c903c476bd42b90ab22482',
49 silly install resolved     _id: 'bootstrap@3.3.5',
49 silly install resolved     _shasum: '1777ab79299b128d87dce7cbd86fdc46ac69c0b1',
49 silly install resolved     _from: 'bootstrap@*',
49 silly install resolved     _npmVersion: '1.4.28',
49 silly install resolved     _npmUser: { name: 'twbs', email: 'getbootstrap@gmail.com' },
49 silly install resolved     maintainers: [ [Object] ],
49 silly install resolved     dist:
49 silly install resolved      { shasum: '1777ab79299b128d87dce7cbd86fdc46ac69c0b1',
49 silly install resolved        tarball: 'http://registry.npmjs.org/bootstrap/-/bootstrap-3.3.5.tgz' },
49 silly install resolved     directories: {},
49 silly install resolved     _resolved: 'https://registry.npmjs.org/bootstrap/-/bootstrap-3.3.5.tgz' } ]
50 info install bootstrap@3.3.5 into /Users/swagboi69
51 info installOne bootstrap@3.3.5
52 verbose installOne of bootstrap to /Users/swagboi69 not in flight; installing
53 warn locking Error: EACCES, open '/Users/swagboi69/.npm/_locks/bootstrap-bebde2885418d544.lock'
53 warn locking     at Error (native)
53 warn locking  /Users/swagboi69/.npm/_locks/bootstrap-bebde2885418d544.lock failed { [Error: EACCES, open '/Users/swagboi69/.npm/_locks/bootstrap-bebde2885418d544.lock']
53 warn locking   errno: -13,
53 warn locking   code: 'EACCES',
53 warn locking   path: '/Users/swagboi69/.npm/_locks/bootstrap-bebde2885418d544.lock' }
54 verbose stack Error: Attempt to unlock /Users/swagboi69/node_modules/bootstrap, which hasn't been locked
54 verbose stack     at unlock (/usr/local/lib/node_modules/npm/lib/utils/locker.js:66:11)
54 verbose stack     at cb (/usr/local/lib/node_modules/npm/lib/install.js:1017:5)
54 verbose stack     at /usr/local/lib/node_modules/npm/lib/install.js:1021:20
54 verbose stack     at /usr/local/lib/node_modules/npm/lib/utils/locker.js:40:9
54 verbose stack     at cb (/usr/local/lib/node_modules/npm/node_modules/lockfile/lockfile.js:149:38)
54 verbose stack     at /usr/local/lib/node_modules/npm/node_modules/lockfile/lockfile.js:177:38
54 verbose stack     at FSReqWrap.oncomplete (fs.js:95:15)
55 verbose cwd /Users/swagboi69/Code/quotemachine
56 error Darwin 14.4.0
57 error argv "node" "/usr/local/bin/npm" "install" "bootstrap"
58 error node v0.12.4
59 error npm  v2.10.1
60 error Attempt to unlock /Users/swagboi69/node_modules/bootstrap, which hasn't been locked
61 error If you need help, you may report this error at:
61 error     <https://github.com/npm/npm/issues>
62 verbose exit [ 1, true ]
